<?xml version="1.0" encoding="UTF-8"?>
<testng-results ignored="0" total="1" passed="1" failed="0" skipped="0">
  <reporter-output>
  </reporter-output>
  <suite started-at="2023-03-24T14:31:00 IST" name="Default suite" finished-at="2023-03-24T14:31:14 IST" duration-ms="14203">
    <groups>
    </groups>
    <test started-at="2023-03-24T14:31:00 IST" name="Default test" finished-at="2023-03-24T14:31:14 IST" duration-ms="14203">
      <class name="testcases.signuptestcase">
        <test-method signature="Signup()[pri:0, instance:testcases.signuptestcase@39529185]" started-at="2023-03-24T14:31:00 IST" name="Signup" finished-at="2023-03-24T14:31:14 IST" duration-ms="14140" status="PASS">
          <reporter-output>
          </reporter-output>
        </test-method> <!-- Signup -->
      </class> <!-- testcases.signuptestcase -->
    </test> <!-- Default test -->
  </suite> <!-- Default suite -->
</testng-results>
